app/build.old/intermediates/manifest_merge_blame_file/release/manifest-merger-blame-release-report.txt
1<?xml version="1.0" encoding="utf-8"?>
2<manifest xmlns:android="http://schemas.android.com/apk/res/android"
3    package="com.example.bemcaminho"
4    android:versionCode="1"
5    android:versionName="1.0" >
6
7    <uses-sdk
8        android:minSdkVersion="16"
8-->src\main\AndroidManifest.xml
9        android:targetSdkVersion="30" />
9-->src\main\AndroidManifest.xml
10    <!--
11         The ACCESS_COARSE/FINE_LOCATION permissions are not required to use
12         Google Maps Android API v2, but you must specify either coarse or fine
13         location permissions for the "MyLocation" functionality.
14    -->
15    <uses-permission android:name="android.permission.WRITE_EXTERNAL_STORAGE" />
15-->src\main\AndroidManifest.xml:10:5-81
15-->src\main\AndroidManifest.xml:10:22-78
16    <uses-permission android:name="android.permission.ACCESS_NETWORK_STATE" />
16-->src\main\AndroidManifest.xml:11:5-79
16-->src\main\AndroidManifest.xml:11:22-76
17    <uses-permission android:name="android.permission.INTERNET" />
17-->src\main\AndroidManifest.xml:12:5-67
17-->src\main\AndroidManifest.xml:12:22-64
18    <uses-permission android:name="android.permission.READ_PHONE_STATE" />
18-->src\main\AndroidManifest.xml:13:5-75
18-->src\main\AndroidManifest.xml:13:22-72
19    <uses-permission android:name="com.comparto.piso.permission.MAPS_RECEIVE" />
19-->src\main\AndroidManifest.xml:14:5-81
19-->src\main\AndroidManifest.xml:14:22-78
20    <uses-permission android:name="com.google.android.providers.gsf.permission.READ_GSERVICES" />
20-->src\main\AndroidManifest.xml:15:5-98
20-->src\main\AndroidManifest.xml:15:22-95
21    <uses-permission android:name="android.permission.ACCESS_COARSE_LOCATION" />
21-->src\main\AndroidManifest.xml:16:5-81
21-->src\main\AndroidManifest.xml:16:22-78
22    <uses-permission android:name="android.permission.ACCESS_FINE_LOCATION" />
22-->src\main\AndroidManifest.xml:17:5-79
22-->src\main\AndroidManifest.xml:17:22-76
23
24    <uses-feature
24-->[com.google.android.gms:play-services-maps:17.0.0] AndroidManifest.xml:26:5-28:35
25        android:glEsVersion="0x00020000"
25-->[com.google.android.gms:play-services-maps:17.0.0] AndroidManifest.xml:27:9-41
26        android:required="true" />
26-->[com.google.android.gms:play-services-maps:17.0.0] AndroidManifest.xml:28:9-32
27
28    <application
28-->src\main\AndroidManifest.xml:19:5-57:19
29        android:allowBackup="true"
29-->src\main\AndroidManifest.xml:20:9-35
30        android:appComponentFactory="androidx.core.app.CoreComponentFactory"
30-->[androidx.core:core:1.3.0] AndroidManifest.xml:24:18-86
31        android:icon="@drawable/logo"
31-->src\main\AndroidManifest.xml:21:9-38
32        android:label="@string/app_name"
32-->src\main\AndroidManifest.xml:22:9-41
33        android:roundIcon="@mipmap/ic_launcher_round"
33-->src\main\AndroidManifest.xml:23:9-54
34        android:supportsRtl="true"
34-->src\main\AndroidManifest.xml:24:9-35
35        android:theme="@style/AppTheme" >
35-->src\main\AndroidManifest.xml:25:9-40
36        <activity android:name="com.example.bemcaminho.views.InterfaceUser" />
36-->src\main\AndroidManifest.xml:26:9-66
36-->src\main\AndroidManifest.xml:26:19-54
37        <!--
38             The API key for Google Maps-based APIs is defined as a string resource.
39             (See the file "res/values/google_maps_api.xml").
40             Note that the API key is linked to the encryption key used to sign the APK.
41             You need a different API key for each encryption key, including the release key that is used to
42             sign the APK for publishing.
43             You can define the keys for the debug and release targets in src/debug/ and src/release/.
44        -->
45        <meta-data
45-->src\main\AndroidManifest.xml:35:9-37:55
46            android:name="com.google.android.geo.API_KEY"
46-->src\main\AndroidManifest.xml:36:13-58
47            android:value="@string/google_maps_key" />
47-->src\main\AndroidManifest.xml:37:13-52
48
49        <activity
49-->src\main\AndroidManifest.xml:39:9-41:72
50            android:name="com.example.bemcaminho.views.MenuItem1Router"
50-->src\main\AndroidManifest.xml:40:13-50
51            android:label="@string/title_activity_menu_item1_router" />
51-->src\main\AndroidManifest.xml:41:13-69
52        <activity android:name="com.example.bemcaminho.views.MenuItem5" />
52-->src\main\AndroidManifest.xml:42:9-53
52-->src\main\AndroidManifest.xml:42:19-50
53        <activity android:name="com.example.bemcaminho.views.MenuItem4" />
53-->src\main\AndroidManifest.xml:43:9-53
53-->src\main\AndroidManifest.xml:43:19-50
54        <activity android:name="com.example.bemcaminho.views.MenuItem3" />
54-->src\main\AndroidManifest.xml:44:9-53
54-->src\main\AndroidManifest.xml:44:19-50
55        <activity android:name="com.example.bemcaminho.views.MenuItem2" />
55-->src\main\AndroidManifest.xml:45:9-53
55-->src\main\AndroidManifest.xml:45:19-50
56        <activity android:name="com.example.bemcaminho.views.MenuItem1" />
56-->src\main\AndroidManifest.xml:46:9-53
56-->src\main\AndroidManifest.xml:46:19-50
57        <activity android:name="com.example.bemcaminho.HomePageActivity" />
57-->src\main\AndroidManifest.xml:47:9-54
57-->src\main\AndroidManifest.xml:47:19-51
58        <activity android:name="com.example.bemcaminho.LoginRewardActivity" />
58-->src\main\AndroidManifest.xml:48:9-57
58-->src\main\AndroidManifest.xml:48:19-54
59        <activity android:name="com.example.bemcaminho.LoginCodeActivity" />
59-->src\main\AndroidManifest.xml:49:9-55
59-->src\main\AndroidManifest.xml:49:19-52
60        <activity android:name="com.example.bemcaminho.MainActivity" >
60-->src\main\AndroidManifest.xml:50:9-56:20
60-->src\main\AndroidManifest.xml:50:19-47
61            <intent-filter>
61-->src\main\AndroidManifest.xml:51:13-55:29
62                <action android:name="android.intent.action.MAIN" />
62-->src\main\AndroidManifest.xml:52:17-69
62-->src\main\AndroidManifest.xml:52:25-66
63
64                <category android:name="android.intent.category.LAUNCHER" />
64-->src\main\AndroidManifest.xml:54:17-77
64-->src\main\AndroidManifest.xml:54:27-74
65            </intent-filter>
66        </activity>
67        <!-- Needs to be explicitly declared on P+ -->
68        <uses-library
68-->[com.google.android.gms:play-services-maps:17.0.0] AndroidManifest.xml:33:9-35:40
69            android:name="org.apache.http.legacy"
69-->[com.google.android.gms:play-services-maps:17.0.0] AndroidManifest.xml:34:13-50
70            android:required="false" />
70-->[com.google.android.gms:play-services-maps:17.0.0] AndroidManifest.xml:35:13-37
71
72        <activity
72-->[com.google.android.gms:play-services-base:17.0.0] AndroidManifest.xml:23:9-26:75
73            android:name="com.google.android.gms.common.api.GoogleApiActivity"
73-->[com.google.android.gms:play-services-base:17.0.0] AndroidManifest.xml:24:13-79
74            android:exported="false"
74-->[com.google.android.gms:play-services-base:17.0.0] AndroidManifest.xml:25:13-37
75            android:theme="@android:style/Theme.Translucent.NoTitleBar" />
75-->[com.google.android.gms:play-services-base:17.0.0] AndroidManifest.xml:26:13-72
76
77        <meta-data
77-->[com.google.android.gms:play-services-basement:17.0.0] AndroidManifest.xml:23:9-25:69
78            android:name="com.google.android.gms.version"
78-->[com.google.android.gms:play-services-basement:17.0.0] AndroidManifest.xml:24:13-58
79            android:value="@integer/google_play_services_version" />
79-->[com.google.android.gms:play-services-basement:17.0.0] AndroidManifest.xml:25:13-66
80    </application>
81
82</manifest>